20201126 16:02:02 INFO  [main] controller.CustomerController CustomerController.java36 - ID:1 | First Name: jordan | Surname: harrison |
20201126 16:02:02 INFO  [main] controller.CustomerController CustomerController.java46 - Please enter a first name
20201126 16:02:02 INFO  [main] controller.CustomerController CustomerController.java48 - Please enter a surname
20201126 16:02:02 INFO  [main] controller.CustomerController CustomerController.java51 - Customer created 


20201126 16:02:02 INFO  [main] controller.CustomerController CustomerController.java78 - Please enter the id of the customer you would like to delete


20201126 16:02:02 INFO  [main] controller.CustomerController CustomerController.java60 - Please enter the id of the customer you would like to update
20201126 16:02:02 INFO  [main] controller.CustomerController CustomerController.java62 - Please enter a first name
20201126 16:02:02 INFO  [main] controller.CustomerController CustomerController.java64 - Please enter a surname
20201126 16:02:02 INFO  [main] controller.CustomerController CustomerController.java67 - Customer Updated


20201126 16:02:02 INFO  [main] controller.ItemController ItemController.java38 - Item - ID: 1| Name: Test Item| Price: £50|

20201126 16:02:02 INFO  [main] controller.ItemController ItemController.java51 - Please enter item name
20201126 16:02:02 INFO  [main] controller.ItemController ItemController.java53 - Please enter item price
20201126 16:02:02 INFO  [main] controller.ItemController ItemController.java56 - Item Created


20201126 16:02:02 INFO  [main] controller.ItemController ItemController.java86 - Please enter the id of the item you would like to delete


20201126 16:02:02 INFO  [main] controller.ItemController ItemController.java67 - Please enter the id of the item you would like to update
20201126 16:02:02 INFO  [main] controller.ItemController ItemController.java69 - Please enter the item name
20201126 16:02:02 INFO  [main] controller.ItemController ItemController.java71 - Please enter item price
20201126 16:02:02 INFO  [main] controller.ItemController ItemController.java74 - Item Updated


20201126 16:02:03 INFO  [main] controller.OrderController OrderController.java90 - Would you like to:
(1) Remove an item from an order 
(2) Delete an Entire Order 
(3) Return to CRUD Menu
20201126 16:02:03 INFO  [main] controller.OrderController OrderController.java94 - Please enter the ID of the order you would Change
20201126 16:02:03 INFO  [main] controller.OrderController OrderController.java96 - []
20201126 16:02:03 INFO  [main] controller.OrderController OrderController.java97 - Please enter the id of the item you would like to delete
20201126 16:02:03 INFO  [main] controller.OrderController OrderController.java90 - Would you like to:
(1) Remove an item from an order 
(2) Delete an Entire Order 
(3) Return to CRUD Menu
20201126 16:02:03 INFO  [main] controller.OrderController OrderController.java102 - Please enter the ID of the order you would like to delete
20201126 16:02:03 INFO  [main] controller.OrderController OrderController.java90 - Would you like to:
(1) Remove an item from an order 
(2) Delete an Entire Order 
(3) Return to CRUD Menu
20201126 16:02:03 INFO  [main] controller.OrderController OrderController.java107 - Returning to CRUD 


20201126 16:02:03 INFO  [main] controller.OrderController OrderController.java55 - Would you like to:
(1) Change Order Owner 
(2) Add item to order 
(3) Return to CRUD Menu
20201126 16:02:03 INFO  [main] controller.OrderController OrderController.java59 - Please enter the ID of the order you would like to update
20201126 16:02:03 INFO  [main] controller.OrderController OrderController.java61 - Please enter the new Customer ID
20201126 16:02:03 INFO  [main] controller.OrderController OrderController.java64 - Item Updated
20201126 16:02:03 INFO  [main] controller.OrderController OrderController.java55 - Would you like to:
(1) Change Order Owner 
(2) Add item to order 
(3) Return to CRUD Menu
20201126 16:02:03 INFO  [main] controller.OrderController OrderController.java68 - Please enter the Order ID
20201126 16:02:03 INFO  [main] controller.OrderController OrderController.java70 - Please enter the Item ID
20201126 16:02:03 INFO  [main] controller.OrderController OrderController.java55 - Would you like to:
(1) Change Order Owner 
(2) Add item to order 
(3) Return to CRUD Menu
20201126 16:02:03 INFO  [main] controller.OrderController OrderController.java75 - Returning to CRUD 


20201126 16:02:03 INFO  [main] controller.OrderController OrderController.java55 - Would you like to:
(1) Change Order Owner 
(2) Add item to order 
(3) Return to CRUD Menu
20201126 16:02:03 INFO  [main] controller.OrderController OrderController.java59 - Please enter the ID of the order you would like to update
20201126 16:02:03 INFO  [main] controller.OrderController OrderController.java61 - Please enter the new Customer ID
20201126 16:02:03 INFO  [main] controller.OrderController OrderController.java64 - Item Updated
20201126 16:02:03 INFO  [main] controller.OrderController OrderController.java55 - Would you like to:
(1) Change Order Owner 
(2) Add item to order 
(3) Return to CRUD Menu
20201126 16:02:03 INFO  [main] controller.OrderController OrderController.java68 - Please enter the Order ID
20201126 16:02:03 INFO  [main] controller.OrderController OrderController.java70 - Please enter the Item ID
20201126 16:02:03 INFO  [main] controller.OrderController OrderController.java55 - Would you like to:
(1) Change Order Owner 
(2) Add item to order 
(3) Return to CRUD Menu
20201126 16:02:03 INFO  [main] controller.OrderController OrderController.java75 - Returning to CRUD 


20201126 16:02:03 INFO  [main] controller.OrderController OrderController.java90 - Would you like to:
(1) Remove an item from an order 
(2) Delete an Entire Order 
(3) Return to CRUD Menu
20201126 16:02:03 INFO  [main] controller.OrderController OrderController.java94 - Please enter the ID of the order you would Change
20201126 16:02:03 INFO  [main] controller.OrderController OrderController.java96 - []
20201126 16:02:03 INFO  [main] controller.OrderController OrderController.java97 - Please enter the id of the item you would like to delete
20201126 16:02:03 INFO  [main] controller.OrderController OrderController.java90 - Would you like to:
(1) Remove an item from an order 
(2) Delete an Entire Order 
(3) Return to CRUD Menu
20201126 16:02:03 INFO  [main] controller.OrderController OrderController.java107 - Returning to CRUD 


20201126 16:02:03 INFO  [main] controller.OrderController OrderController.java90 - Would you like to:
(1) Remove an item from an order 
(2) Delete an Entire Order 
(3) Return to CRUD Menu
20201126 16:02:03 INFO  [main] controller.OrderController OrderController.java102 - Please enter the ID of the order you would like to delete
20201126 16:02:03 INFO  [main] controller.OrderController OrderController.java90 - Would you like to:
(1) Remove an item from an order 
(2) Delete an Entire Order 
(3) Return to CRUD Menu
20201126 16:02:03 INFO  [main] controller.OrderController OrderController.java107 - Returning to CRUD 


20201126 16:02:03 INFO  [main] controller.OrderController OrderController.java32 - Order ID:1| Customer ID: 1| Items: 
Item - ID: 1| Name: Added Item| Price: £60|

| Total Pricce £60.0 |
20201126 16:02:03 INFO  [main] controller.OrderController OrderController.java39 - Please enter the Customer ID
20201126 16:02:03 INFO  [main] controller.OrderController OrderController.java42 - Order created


20201126 16:02:05 DEBUG [main] utils.DBUtils DBUtils.java64 - java.sql.SQLSyntaxErrorException: You have an error in your SQL syntax; check the manual that corresponds to your MySQL server version for the right syntax to use near '' at line 1
20201126 16:02:13 DEBUG [main] utils.DBUtils DBUtils.java64 - java.sql.SQLSyntaxErrorException: You have an error in your SQL syntax; check the manual that corresponds to your MySQL server version for the right syntax to use near '' at line 1
20201126 16:02:20 DEBUG [main] utils.DBUtils DBUtils.java64 - java.sql.SQLSyntaxErrorException: You have an error in your SQL syntax; check the manual that corresponds to your MySQL server version for the right syntax to use near '' at line 1
20201126 16:02:30 DEBUG [main] dao.OrderDAO OrderDAO.java149 - java.sql.SQLIntegrityConstraintViolationException: Cannot delete or update a parent row: a foreign key constraint fails (`testims`.`order_line`, CONSTRAINT `fk_order_id` FOREIGN KEY (`order_id`) REFERENCES `orders` (`id`))
20201126 16:02:30 ERROR [main] dao.OrderDAO OrderDAO.java150 - Cannot delete or update a parent row: a foreign key constraint fails (`testims`.`order_line`, CONSTRAINT `fk_order_id` FOREIGN KEY (`order_id`) REFERENCES `orders` (`id`))
